Started GET "/" for ::1 at 2017-04-12 10:45:02 +0200
Processing by Rails::WelcomeController#index as HTML
  Parameters: {"internal"=>true}
  Rendering /Users/JmeG/.rvm/gems/ruby-2.4.0/gems/railties-5.0.2/lib/rails/templates/rails/welcome/index.html.erb
  Rendered /Users/JmeG/.rvm/gems/ruby-2.4.0/gems/railties-5.0.2/lib/rails/templates/rails/welcome/index.html.erb (4.7ms)
Completed 200 OK in 31ms (Views: 12.7ms | ActiveRecord: 0.0ms)


Started GET "/" for ::1 at 2017-04-12 11:00:18 +0200
Processing by Rails::WelcomeController#index as HTML
  Parameters: {"internal"=>true}
  Rendering /Users/JmeG/.rvm/gems/ruby-2.4.0/gems/railties-5.0.2/lib/rails/templates/rails/welcome/index.html.erb
  Rendered /Users/JmeG/.rvm/gems/ruby-2.4.0/gems/railties-5.0.2/lib/rails/templates/rails/welcome/index.html.erb (4.6ms)
Completed 200 OK in 14ms (Views: 8.6ms | ActiveRecord: 0.0ms)


Started GET "/static_pages/index" for ::1 at 2017-04-14 13:26:07 +0200
Processing by StaticPagesController#index as HTML
  Rendering static_pages/index.html.erb within layouts/application
  Rendered static_pages/index.html.erb within layouts/application (2.7ms)
Completed 200 OK in 1198ms (Views: 1173.4ms | ActiveRecord: 0.0ms)


Started GET "/static_pages/index" for ::1 at 2017-04-14 13:29:41 +0200
Processing by StaticPagesController#index as HTML
  Rendering static_pages/index.html.erb within layouts/application
  Rendered static_pages/index.html.erb within layouts/application (0.9ms)
Completed 200 OK in 118ms (Views: 113.9ms | ActiveRecord: 0.0ms)


Started GET "/static_pages/index" for ::1 at 2017-04-15 10:54:14 +0200
Processing by StaticPagesController#index as HTML
  Rendering static_pages/index.html.erb within layouts/application
  Rendered static_pages/index.html.erb within layouts/application (7.5ms)
Completed 200 OK in 124ms (Views: 109.4ms | ActiveRecord: 0.0ms)


Started GET "/" for ::1 at 2017-04-15 10:54:26 +0200
Processing by StaticPagesController#index as HTML
  Rendering static_pages/index.html.erb within layouts/application
  Rendered static_pages/index.html.erb within layouts/application (2.2ms)
Completed 200 OK in 66ms (Views: 62.4ms | ActiveRecord: 0.0ms)


Started GET "/" for ::1 at 2017-04-15 10:56:00 +0200
Processing by StaticPagesController#index as HTML
  Rendering static_pages/index.html.erb within layouts/application
  Rendered static_pages/index.html.erb within layouts/application (12.4ms)
Completed 200 OK in 150ms (Views: 142.2ms | ActiveRecord: 0.0ms)


Started GET "/" for ::1 at 2017-04-15 10:56:37 +0200
Processing by StaticPagesController#index as HTML
  Rendering static_pages/index.html.erb within layouts/application
  Rendered static_pages/index.html.erb within layouts/application (4.6ms)
Completed 200 OK in 60ms (Views: 53.5ms | ActiveRecord: 0.0ms)


Started GET "/" for ::1 at 2017-04-15 10:57:23 +0200
Processing by StaticPagesController#index as HTML
  Rendering static_pages/index.html.erb within layouts/application
  Rendered static_pages/index.html.erb within layouts/application (10.8ms)
Completed 200 OK in 354ms (Views: 336.1ms | ActiveRecord: 0.0ms)


Started GET "/static_pages/about" for ::1 at 2017-04-15 11:08:48 +0200
Processing by StaticPagesController#about as HTML
  Rendering static_pages/about.html.erb within layouts/application
  Rendered static_pages/about.html.erb within layouts/application (2.1ms)
Completed 200 OK in 313ms (Views: 292.4ms | ActiveRecord: 0.0ms)


Started GET "/static_pages/contact" for ::1 at 2017-04-15 11:08:54 +0200
Processing by StaticPagesController#contact as HTML
  Rendering static_pages/contact.html.erb within layouts/application
  Rendered static_pages/contact.html.erb within layouts/application (1.0ms)
Completed 200 OK in 37ms (Views: 33.3ms | ActiveRecord: 0.0ms)


